  Algo.cpp
E:\Programing\Wheel\Wheel\Algo.cpp(145,50): warning C4244: “参数”: 从“_Tp”转换到“_Tp”，可能丢失数据
          with
          [
              _Tp=float
          ]
          and
          [
              _Tp=int
          ]
E:\Programing\Wheel\Wheel\Algo.cpp(145,43): warning C4244: “参数”: 从“_Tp”转换到“_Tp”，可能丢失数据
          with
          [
              _Tp=float
          ]
          and
          [
              _Tp=int
          ]
E:\Programing\Wheel\Wheel\Algo.cpp(147,35): warning C4244: “参数”: 从“_Tp”转换到“_Tp”，可能丢失数据
          with
          [
              _Tp=float
          ]
          and
          [
              _Tp=int
          ]
E:\Programing\Wheel\Wheel\Algo.cpp(147,28): warning C4244: “参数”: 从“_Tp”转换到“_Tp”，可能丢失数据
          with
          [
              _Tp=float
          ]
          and
          [
              _Tp=int
          ]
E:\Programing\Wheel\Wheel\Algo.cpp(147,43): warning C4244: “参数”: 从“_Tp”转换到“int”，可能丢失数据
          with
          [
              _Tp=float
          ]
E:\Programing\Wheel\Wheel\Algo.cpp(148,35): warning C4244: “参数”: 从“_Tp”转换到“_Tp”，可能丢失数据
          with
          [
              _Tp=float
          ]
          and
          [
              _Tp=int
          ]
E:\Programing\Wheel\Wheel\Algo.cpp(148,28): warning C4244: “参数”: 从“_Tp”转换到“_Tp”，可能丢失数据
          with
          [
              _Tp=float
          ]
          and
          [
              _Tp=int
          ]
E:\Programing\Wheel\Wheel\Algo.cpp(184,22): warning C4244: “初始化”: 从“double”转换到“int”，可能丢失数据
E:\Programing\Wheel\Wheel\Algo.cpp(254,106): warning C4267: “参数”: 从“size_t”转换到“int”，可能丢失数据
E:\Programing\Wheel\Wheel\Algo.cpp(276,7): warning C4267: “参数”: 从“size_t”转换到“int”，可能丢失数据
E:\Programing\Wheel\Wheel\Algo.cpp(278,24): warning C4267: “参数”: 从“size_t”转换到“int”，可能丢失数据
E:\Programing\Wheel\Wheel\Algo.cpp(278,47): warning C4267: “参数”: 从“size_t”转换到“int”，可能丢失数据
E:\Programing\Wheel\Wheel\Algo.cpp(282,24): warning C4267: “参数”: 从“size_t”转换到“int”，可能丢失数据
  FileList.cpp
  Ransac.cpp
E:\Programing\Wheel\Wheel\Ransac.cpp(24,46): warning C4244: “参数”: 从“float”转换到“int”，可能丢失数据
E:\Programing\Wheel\Wheel\Ransac.cpp(24,42): warning C4244: “参数”: 从“float”转换到“int”，可能丢失数据
E:\Programing\Wheel\Wheel\Ransac.cpp(61,32): warning C4018: “<”: 有符号/无符号不匹配
E:\Programing\Wheel\Wheel\Ransac.cpp(64,36): warning C4018: “<”: 有符号/无符号不匹配
E:\Programing\Wheel\Wheel\Ransac.cpp(67,98): warning C4244: “参数”: 从“unsigned int”转换到“_Tp”，可能丢失数据
          with
          [
              _Tp=float
          ]
E:\Programing\Wheel\Wheel\Ransac.cpp(67,95): warning C4244: “参数”: 从“unsigned int”转换到“_Tp”，可能丢失数据
          with
          [
              _Tp=float
          ]
E:\Programing\Wheel\Wheel\Ransac.cpp(120,49): warning C4267: “初始化”: 从“size_t”转换到“int”，可能丢失数据
E:\Programing\Wheel\Wheel\Ransac.cpp(122,36): warning C4018: “<”: 有符号/无符号不匹配
E:\Programing\Wheel\Wheel\Ransac.cpp(165,41): warning C4244: “参数”: 从“float”转换到“int”，可能丢失数据
E:\Programing\Wheel\Wheel\Ransac.cpp(164,43): warning C4390: “;”: 找到空的受控语句；这是否是有意的?
E:\Programing\Wheel\Wheel\Ransac.cpp(78,24): warning C4101: “endtime”: 未引用的局部变量
  Struct2d.cpp
  Wheel.cpp
E:\Programing\Wheel\Wheel\Wheel.cpp(234,31): warning C4267: “/=”: 从“size_t”转换到“_Tp”，可能丢失数据
          with
          [
              _Tp=int
          ]
E:\Programing\Wheel\Wheel\Wheel.cpp(235,30): warning C4267: “/=”: 从“size_t”转换到“_Tp”，可能丢失数据
          with
          [
              _Tp=int
          ]
E:\Programing\Wheel\Wheel\Wheel.cpp(427,31): warning C4267: “/=”: 从“size_t”转换到“_Tp”，可能丢失数据
          with
          [
              _Tp=int
          ]
E:\Programing\Wheel\Wheel\Wheel.cpp(428,30): warning C4267: “/=”: 从“size_t”转换到“_Tp”，可能丢失数据
          with
          [
              _Tp=int
          ]
E:\Programing\Wheel\Wheel\Wheel.cpp(502,57): warning C4244: “参数”: 从“unsigned __int64”转换到“double”，可能丢失数据
E:\Programing\Wheel\Wheel\Wheel.cpp(506,45): warning C4244: “参数”: 从“unsigned __int64”转换到“double”，可能丢失数据
E:\Programing\Wheel\Wheel\Wheel.cpp(585,23): warning C4267: “参数”: 从“size_t”转换到“int”，可能丢失数据
E:\Programing\Wheel\Wheel\Wheel.cpp(585,45): warning C4267: “参数”: 从“size_t”转换到“int”，可能丢失数据
E:\Programing\Wheel\Wheel\Wheel.cpp(589,23): warning C4267: “参数”: 从“size_t”转换到“int”，可能丢失数据
E:\Programing\Wheel\Wheel\Wheel.cpp(609,7): warning C4267: “参数”: 从“size_t”转换到“int”，可能丢失数据
E:\Programing\Wheel\Wheel\Wheel.cpp(611,30): warning C4267: “参数”: 从“size_t”转换到“int”，可能丢失数据
E:\Programing\Wheel\Wheel\Wheel.cpp(612,16): warning C4267: “=”: 从“size_t”转换到“_Tp”，可能丢失数据
          with
          [
              _Tp=int
          ]
E:\Programing\Wheel\Wheel\Wheel.cpp(613,16): warning C4267: “=”: 从“size_t”转换到“_Tp”，可能丢失数据
          with
          [
              _Tp=int
          ]
E:\Programing\Wheel\Wheel\Wheel.cpp(632,7): warning C4267: “参数”: 从“size_t”转换到“int”，可能丢失数据
E:\Programing\Wheel\Wheel\Wheel.cpp(634,30): warning C4267: “参数”: 从“size_t”转换到“int”，可能丢失数据
E:\Programing\Wheel\Wheel\Wheel.cpp(635,16): warning C4267: “=”: 从“size_t”转换到“_Tp”，可能丢失数据
          with
          [
              _Tp=int
          ]
E:\Programing\Wheel\Wheel\Wheel.cpp(636,16): warning C4267: “=”: 从“size_t”转换到“_Tp”，可能丢失数据
          with
          [
              _Tp=int
          ]
E:\Programing\Wheel\Wheel\Wheel.cpp(704,23): warning C4267: “参数”: 从“size_t”转换到“int”，可能丢失数据
E:\Programing\Wheel\Wheel\Wheel.cpp(967,36): warning C4244: “参数”: 从“_Tp”转换到“_Tp”，可能丢失数据
          with
          [
              _Tp=float
          ]
          and
          [
              _Tp=int
          ]
E:\Programing\Wheel\Wheel\Wheel.cpp(967,29): warning C4244: “参数”: 从“_Tp”转换到“_Tp”，可能丢失数据
          with
          [
              _Tp=float
          ]
          and
          [
              _Tp=int
          ]
E:\Programing\Wheel\Wheel\Wheel.cpp(967,44): warning C4244: “参数”: 从“_Tp”转换到“int”，可能丢失数据
          with
          [
              _Tp=float
          ]
E:\Programing\Wheel\Wheel\Wheel.cpp(968,36): warning C4244: “参数”: 从“_Tp”转换到“_Tp”，可能丢失数据
          with
          [
              _Tp=float
          ]
          and
          [
              _Tp=int
          ]
E:\Programing\Wheel\Wheel\Wheel.cpp(968,29): warning C4244: “参数”: 从“_Tp”转换到“_Tp”，可能丢失数据
          with
          [
              _Tp=float
          ]
          and
          [
              _Tp=int
          ]
E:\Programing\Wheel\Wheel\Wheel.cpp(1042,19): warning C4244: “=”: 从“double”转换到“int”，可能丢失数据
E:\Programing\Wheel\Wheel\Wheel.cpp(1043,29): warning C4267: “=”: 从“size_t”转换到“int”，可能丢失数据
E:\Programing\Wheel\Wheel\Wheel.cpp(1126,106): warning C4267: “参数”: 从“size_t”转换到“int”，可能丢失数据
  正在生成代码...
E:\Programing\Wheel\Wheel\Wheel.cpp(464): warning C4715: “cvMatchs”: 不是所有的控件路径都返回值
E:\Programing\Wheel\Wheel\Wheel.cpp(266): warning C4715: “cvSameSzMatchs”: 不是所有的控件路径都返回值
  Wheel.vcxproj -> E:\Programing\Wheel\x64\Debug\Wheel.exe
